[17-Dec-2020 14:44:21 UTC] PHP Fatal error:  Uncaught Error: Class 'Elementor_Test_Extension' not found in /Applications/MAMP/www/test-widget-elementor-custom/wp-content/plugins/cz-elements/cz-elements.php:305
Stack trace:
#0 /Applications/MAMP/www/test-widget-elementor-custom/wp/wp-admin/includes/plugin.php(670): include_once()
#1 /Applications/MAMP/www/test-widget-elementor-custom/wp/wp-admin/plugins.php(58): activate_plugin('cz-elements/cz-...', 'http://localhos...', false)
#2 {main}
  thrown in /Applications/MAMP/www/test-widget-elementor-custom/wp-content/plugins/cz-elements/cz-elements.php on line 305
[17-Dec-2020 14:44:23 UTC] PHP Fatal error:  Uncaught Error: Class 'Elementor_Test_Extension' not found in /Applications/MAMP/www/test-widget-elementor-custom/wp-content/plugins/cz-elements/cz-elements.php:305
Stack trace:
#0 /Applications/MAMP/www/test-widget-elementor-custom/wp/wp-admin/includes/plugin.php(2299): include()
#1 /Applications/MAMP/www/test-widget-elementor-custom/wp/wp-admin/plugins.php(191): plugin_sandbox_scrape('cz-elements/cz-...')
#2 {main}
  thrown in /Applications/MAMP/www/test-widget-elementor-custom/wp-content/plugins/cz-elements/cz-elements.php on line 305
[17-Dec-2020 14:44:23 UTC] PHP Fatal error:  Uncaught Error: Class 'Elementor_Test_Extension' not found in /Applications/MAMP/www/test-widget-elementor-custom/wp-content/plugins/cz-elements/cz-elements.php:305
Stack trace:
#0 /Applications/MAMP/www/test-widget-elementor-custom/wp/wp-admin/includes/plugin.php(2299): include()
#1 /Applications/MAMP/www/test-widget-elementor-custom/wp/wp-admin/plugins.php(191): plugin_sandbox_scrape('cz-elements/cz-...')
#2 {main}
  thrown in /Applications/MAMP/www/test-widget-elementor-custom/wp-content/plugins/cz-elements/cz-elements.php on line 305
[17-Dec-2020 15:04:34 UTC] PHP Warning:  require_once(/Applications/MAMP/www/test-widget-elementor-custom/wp-content/plugins/cz-elements/controls/test-control.php): failed to open stream: No such file or directory in /Applications/MAMP/www/test-widget-elementor-custom/wp-content/plugins/cz-elements/cz-elements.php on line 222
[17-Dec-2020 15:04:34 UTC] PHP Fatal error:  require_once(): Failed opening required '/Applications/MAMP/www/test-widget-elementor-custom/wp-content/plugins/cz-elements/controls/test-control.php' (include_path='.:/Applications/MAMP/bin/php/php7.4.2/lib/php') in /Applications/MAMP/www/test-widget-elementor-custom/wp-content/plugins/cz-elements/cz-elements.php on line 222
[17-Dec-2020 15:06:09 UTC] PHP Warning:  require_once(/Applications/MAMP/www/test-widget-elementor-custom/wp-content/plugins/cz-elements/controls/test-control.php): failed to open stream: No such file or directory in /Applications/MAMP/www/test-widget-elementor-custom/wp-content/plugins/cz-elements/cz-elements.php on line 222
[17-Dec-2020 15:06:09 UTC] PHP Fatal error:  require_once(): Failed opening required '/Applications/MAMP/www/test-widget-elementor-custom/wp-content/plugins/cz-elements/controls/test-control.php' (include_path='.:/Applications/MAMP/bin/php/php7.4.2/lib/php') in /Applications/MAMP/www/test-widget-elementor-custom/wp-content/plugins/cz-elements/cz-elements.php on line 222
[17-Dec-2020 15:06:56 UTC] PHP Warning:  call_user_func_array() expects parameter 1 to be a valid callback, class 'Elements_Extension' does not have a method 'init_controls' in /Applications/MAMP/www/test-widget-elementor-custom/wp/wp-includes/class-wp-hook.php on line 287
[17-Dec-2020 15:06:56 UTC] PHP Fatal error:  Uncaught Error: Class 'Elementor_cardtest_Widget' not found in /Applications/MAMP/www/test-widget-elementor-custom/wp-content/plugins/cz-elements/cz-elements.php:206
Stack trace:
#0 /Applications/MAMP/www/test-widget-elementor-custom/wp/wp-includes/class-wp-hook.php(287): Elements_Extension->init_widgets(Object(Elementor\Widgets_Manager))
#1 /Applications/MAMP/www/test-widget-elementor-custom/wp/wp-includes/class-wp-hook.php(311): WP_Hook->apply_filters('', Array)
#2 /Applications/MAMP/www/test-widget-elementor-custom/wp/wp-includes/plugin.php(484): WP_Hook->do_action(Array)
#3 /Applications/MAMP/www/test-widget-elementor-custom/wp-content/plugins/elementor/includes/managers/widgets.php(99): do_action('elementor/widge...', Object(Elementor\Widgets_Manager))
#4 /Applications/MAMP/www/test-widget-elementor-custom/wp-content/plugins/elementor/includes/managers/widgets.php(235): Elementor\Widgets_Manager->init_widgets()
#5 /Applications/MAMP/www/test-widget-elementor-custom/wp-content/plugins/elementor/core/base/ in /Applications/MAMP/www/test-widget-elementor-custom/wp-content/plugins/cz-elements/cz-elements.php on line 206
[17-Dec-2020 15:10:09 UTC] PHP Warning:  call_user_func_array() expects parameter 1 to be a valid callback, class 'Elements_Extension' does not have a method 'init_controls' in /Applications/MAMP/www/test-widget-elementor-custom/wp/wp-includes/class-wp-hook.php on line 287
[17-Dec-2020 15:10:09 UTC] PHP Fatal error:  Uncaught Error: Class 'Elementor_cardtest_Widget' not found in /Applications/MAMP/www/test-widget-elementor-custom/wp-content/plugins/cz-elements/cz-elements.php:206
Stack trace:
#0 /Applications/MAMP/www/test-widget-elementor-custom/wp/wp-includes/class-wp-hook.php(287): Elements_Extension->init_widgets(Object(Elementor\Widgets_Manager))
#1 /Applications/MAMP/www/test-widget-elementor-custom/wp/wp-includes/class-wp-hook.php(311): WP_Hook->apply_filters('', Array)
#2 /Applications/MAMP/www/test-widget-elementor-custom/wp/wp-includes/plugin.php(484): WP_Hook->do_action(Array)
#3 /Applications/MAMP/www/test-widget-elementor-custom/wp-content/plugins/elementor/includes/managers/widgets.php(99): do_action('elementor/widge...', Object(Elementor\Widgets_Manager))
#4 /Applications/MAMP/www/test-widget-elementor-custom/wp-content/plugins/elementor/includes/managers/widgets.php(235): Elementor\Widgets_Manager->init_widgets()
#5 /Applications/MAMP/www/test-widget-elementor-custom/wp-content/plugins/elementor/core/base/ in /Applications/MAMP/www/test-widget-elementor-custom/wp-content/plugins/cz-elements/cz-elements.php on line 206
[17-Dec-2020 15:10:12 UTC] PHP Warning:  call_user_func_array() expects parameter 1 to be a valid callback, class 'Elements_Extension' does not have a method 'init_controls' in /Applications/MAMP/www/test-widget-elementor-custom/wp/wp-includes/class-wp-hook.php on line 287
[17-Dec-2020 15:10:12 UTC] PHP Fatal error:  Uncaught Error: Class 'Elementor_cardtest_Widget' not found in /Applications/MAMP/www/test-widget-elementor-custom/wp-content/plugins/cz-elements/cz-elements.php:206
Stack trace:
#0 /Applications/MAMP/www/test-widget-elementor-custom/wp/wp-includes/class-wp-hook.php(287): Elements_Extension->init_widgets(Object(Elementor\Widgets_Manager))
#1 /Applications/MAMP/www/test-widget-elementor-custom/wp/wp-includes/class-wp-hook.php(311): WP_Hook->apply_filters('', Array)
#2 /Applications/MAMP/www/test-widget-elementor-custom/wp/wp-includes/plugin.php(484): WP_Hook->do_action(Array)
#3 /Applications/MAMP/www/test-widget-elementor-custom/wp-content/plugins/elementor/includes/managers/widgets.php(99): do_action('elementor/widge...', Object(Elementor\Widgets_Manager))
#4 /Applications/MAMP/www/test-widget-elementor-custom/wp-content/plugins/elementor/includes/managers/widgets.php(235): Elementor\Widgets_Manager->init_widgets()
#5 /Applications/MAMP/www/test-widget-elementor-custom/wp-content/plugins/elementor/core/base/ in /Applications/MAMP/www/test-widget-elementor-custom/wp-content/plugins/cz-elements/cz-elements.php on line 206
[17-Dec-2020 15:10:21 UTC] PHP Warning:  require_once(/Applications/MAMP/www/test-widget-elementor-custom/wp-content/plugins/cz-elements/controls/test-control.php): failed to open stream: No such file or directory in /Applications/MAMP/www/test-widget-elementor-custom/wp-content/plugins/cz-elements/cz-elements.php on line 222
[17-Dec-2020 15:10:21 UTC] PHP Fatal error:  require_once(): Failed opening required '/Applications/MAMP/www/test-widget-elementor-custom/wp-content/plugins/cz-elements/controls/test-control.php' (include_path='.:/Applications/MAMP/bin/php/php7.4.2/lib/php') in /Applications/MAMP/www/test-widget-elementor-custom/wp-content/plugins/cz-elements/cz-elements.php on line 222
[17-Dec-2020 15:10:56 UTC] PHP Fatal error:  Uncaught Error: Class 'Elementor_cardtest_Widget' not found in /Applications/MAMP/www/test-widget-elementor-custom/wp-content/plugins/cz-elements/cz-elements.php:206
Stack trace:
#0 /Applications/MAMP/www/test-widget-elementor-custom/wp/wp-includes/class-wp-hook.php(287): Elements_Extension->init_widgets(Object(Elementor\Widgets_Manager))
#1 /Applications/MAMP/www/test-widget-elementor-custom/wp/wp-includes/class-wp-hook.php(311): WP_Hook->apply_filters('', Array)
#2 /Applications/MAMP/www/test-widget-elementor-custom/wp/wp-includes/plugin.php(484): WP_Hook->do_action(Array)
#3 /Applications/MAMP/www/test-widget-elementor-custom/wp-content/plugins/elementor/includes/managers/widgets.php(99): do_action('elementor/widge...', Object(Elementor\Widgets_Manager))
#4 /Applications/MAMP/www/test-widget-elementor-custom/wp-content/plugins/elementor/includes/managers/widgets.php(235): Elementor\Widgets_Manager->init_widgets()
#5 /Applications/MAMP/www/test-widget-elementor-custom/wp-content/plugins/elementor/core/base/ in /Applications/MAMP/www/test-widget-elementor-custom/wp-content/plugins/cz-elements/cz-elements.php on line 206
[17-Dec-2020 15:11:35 UTC] PHP Fatal error:  Uncaught Error: Class 'Test_Control' not found in /Applications/MAMP/www/test-widget-elementor-custom/wp-content/plugins/cz-elements/cz-elements.php:225
Stack trace:
#0 /Applications/MAMP/www/test-widget-elementor-custom/wp/wp-includes/class-wp-hook.php(287): Elements_Extension->init_controls(Object(Elementor\Controls_Manager))
#1 /Applications/MAMP/www/test-widget-elementor-custom/wp/wp-includes/class-wp-hook.php(311): WP_Hook->apply_filters(NULL, Array)
#2 /Applications/MAMP/www/test-widget-elementor-custom/wp/wp-includes/plugin.php(484): WP_Hook->do_action(Array)
#3 /Applications/MAMP/www/test-widget-elementor-custom/wp-content/plugins/elementor/includes/managers/controls.php(453): do_action('elementor/contr...', Object(Elementor\Controls_Manager))
#4 /Applications/MAMP/www/test-widget-elementor-custom/wp-content/plugins/elementor/includes/managers/controls.php(507): Elementor\Controls_Manager->register_controls()
#5 /Applications/MAMP/www/test-widget-elementor-custom/wp-content/plugins/elementor/includes/ in /Applications/MAMP/www/test-widget-elementor-custom/wp-content/plugins/cz-elements/cz-elements.php on line 225
[17-Dec-2020 15:15:34 UTC] PHP Fatal error:  Uncaught Error: Class 'Test_Control' not found in /Applications/MAMP/www/test-widget-elementor-custom/wp-content/plugins/cz-elements/cz-elements.php:225
Stack trace:
#0 /Applications/MAMP/www/test-widget-elementor-custom/wp/wp-includes/class-wp-hook.php(287): Elements_Extension->init_controls(Object(Elementor\Controls_Manager))
#1 /Applications/MAMP/www/test-widget-elementor-custom/wp/wp-includes/class-wp-hook.php(311): WP_Hook->apply_filters(NULL, Array)
#2 /Applications/MAMP/www/test-widget-elementor-custom/wp/wp-includes/plugin.php(484): WP_Hook->do_action(Array)
#3 /Applications/MAMP/www/test-widget-elementor-custom/wp-content/plugins/elementor/includes/managers/controls.php(453): do_action('elementor/contr...', Object(Elementor\Controls_Manager))
#4 /Applications/MAMP/www/test-widget-elementor-custom/wp-content/plugins/elementor/includes/managers/controls.php(507): Elementor\Controls_Manager->register_controls()
#5 /Applications/MAMP/www/test-widget-elementor-custom/wp-content/plugins/elementor/includes/ in /Applications/MAMP/www/test-widget-elementor-custom/wp-content/plugins/cz-elements/cz-elements.php on line 225
[17-Dec-2020 15:21:36 UTC] PHP Fatal error:  Uncaught Error: Class 'Test_Control' not found in /Applications/MAMP/www/test-widget-elementor-custom/wp-content/plugins/cz-elements/cz-elements.php:229
Stack trace:
#0 /Applications/MAMP/www/test-widget-elementor-custom/wp/wp-includes/class-wp-hook.php(287): czElements\Elements_Extension->init_controls(Object(Elementor\Controls_Manager))
#1 /Applications/MAMP/www/test-widget-elementor-custom/wp/wp-includes/class-wp-hook.php(311): WP_Hook->apply_filters(NULL, Array)
#2 /Applications/MAMP/www/test-widget-elementor-custom/wp/wp-includes/plugin.php(484): WP_Hook->do_action(Array)
#3 /Applications/MAMP/www/test-widget-elementor-custom/wp-content/plugins/elementor/includes/managers/controls.php(453): do_action('elementor/contr...', Object(Elementor\Controls_Manager))
#4 /Applications/MAMP/www/test-widget-elementor-custom/wp-content/plugins/elementor/includes/managers/controls.php(507): Elementor\Controls_Manager->register_controls()
#5 /Applications/MAMP/www/test-widget-elementor-custom/wp-content/plugins/elemento in /Applications/MAMP/www/test-widget-elementor-custom/wp-content/plugins/cz-elements/cz-elements.php on line 229
[17-Dec-2020 15:23:01 UTC] PHP Fatal error:  Uncaught Error: Class 'Test_Control' not found in /Applications/MAMP/www/test-widget-elementor-custom/wp-content/plugins/cz-elements/cz-elements.php:229
Stack trace:
#0 /Applications/MAMP/www/test-widget-elementor-custom/wp/wp-includes/class-wp-hook.php(287): czElements\Elements_Extension->init_controls(Object(Elementor\Controls_Manager))
#1 /Applications/MAMP/www/test-widget-elementor-custom/wp/wp-includes/class-wp-hook.php(311): WP_Hook->apply_filters(NULL, Array)
#2 /Applications/MAMP/www/test-widget-elementor-custom/wp/wp-includes/plugin.php(484): WP_Hook->do_action(Array)
#3 /Applications/MAMP/www/test-widget-elementor-custom/wp-content/plugins/elementor/includes/managers/controls.php(453): do_action('elementor/contr...', Object(Elementor\Controls_Manager))
#4 /Applications/MAMP/www/test-widget-elementor-custom/wp-content/plugins/elementor/includes/managers/controls.php(507): Elementor\Controls_Manager->register_controls()
#5 /Applications/MAMP/www/test-widget-elementor-custom/wp-content/plugins/elemento in /Applications/MAMP/www/test-widget-elementor-custom/wp-content/plugins/cz-elements/cz-elements.php on line 229
[17-Dec-2020 15:24:27 UTC] PHP Warning:  require_once(/Applications/MAMP/www/test-widget-elementor-custom/wp-content/plugins/cz-elements/controls/test-control.php): failed to open stream: No such file or directory in /Applications/MAMP/www/test-widget-elementor-custom/wp-content/plugins/cz-elements/cz-elements.php on line 227
[17-Dec-2020 15:24:27 UTC] PHP Fatal error:  require_once(): Failed opening required '/Applications/MAMP/www/test-widget-elementor-custom/wp-content/plugins/cz-elements/controls/test-control.php' (include_path='.:/Applications/MAMP/bin/php/php7.4.2/lib/php') in /Applications/MAMP/www/test-widget-elementor-custom/wp-content/plugins/cz-elements/cz-elements.php on line 227
[17-Dec-2020 15:35:39 UTC] PHP Warning:  require_once(/Applications/MAMP/www/test-widget-elementor-custom/wp-content/plugins/elementor-zendawesome/widgets/zendawesome.php): failed to open stream: No such file or directory in /Applications/MAMP/www/test-widget-elementor-custom/wp-content/plugins/elementor-zendawesome/plugin.php on line 63
[17-Dec-2020 15:35:39 UTC] PHP Fatal error:  require_once(): Failed opening required '/Applications/MAMP/www/test-widget-elementor-custom/wp-content/plugins/elementor-zendawesome/widgets/zendawesome.php' (include_path='.:/Applications/MAMP/bin/php/php7.4.2/lib/php') in /Applications/MAMP/www/test-widget-elementor-custom/wp-content/plugins/elementor-zendawesome/plugin.php on line 63
[17-Dec-2020 15:37:56 UTC] PHP Warning:  require_once(/Applications/MAMP/www/test-widget-elementor-custom/wp-content/plugins/elementor-zendawesome/widgets/zendawesome.php): failed to open stream: No such file or directory in /Applications/MAMP/www/test-widget-elementor-custom/wp-content/plugins/elementor-zendawesome/plugin.php on line 63
[17-Dec-2020 15:37:56 UTC] PHP Fatal error:  require_once(): Failed opening required '/Applications/MAMP/www/test-widget-elementor-custom/wp-content/plugins/elementor-zendawesome/widgets/zendawesome.php' (include_path='.:/Applications/MAMP/bin/php/php7.4.2/lib/php') in /Applications/MAMP/www/test-widget-elementor-custom/wp-content/plugins/elementor-zendawesome/plugin.php on line 63
[17-Dec-2020 15:37:59 UTC] PHP Warning:  require_once(/Applications/MAMP/www/test-widget-elementor-custom/wp-content/plugins/elementor-zendawesome/widgets/zendawesome.php): failed to open stream: No such file or directory in /Applications/MAMP/www/test-widget-elementor-custom/wp-content/plugins/elementor-zendawesome/plugin.php on line 63
[17-Dec-2020 15:37:59 UTC] PHP Fatal error:  require_once(): Failed opening required '/Applications/MAMP/www/test-widget-elementor-custom/wp-content/plugins/elementor-zendawesome/widgets/zendawesome.php' (include_path='.:/Applications/MAMP/bin/php/php7.4.2/lib/php') in /Applications/MAMP/www/test-widget-elementor-custom/wp-content/plugins/elementor-zendawesome/plugin.php on line 63
[17-Dec-2020 16:54:49 UTC] PHP Parse error:  syntax error, unexpected '}', expecting ']' in /Applications/MAMP/www/test-widget-elementor-custom/wp-content/plugins/elementor-zendawesome/elementor-zendawesome.php on line 68
[17-Dec-2020 16:56:49 UTC] PHP Parse error:  syntax error, unexpected '}', expecting ']' in /Applications/MAMP/www/test-widget-elementor-custom/wp-content/plugins/elementor-zendawesome/elementor-zendawesome.php on line 68
